<?xml version="1.0" encoding="UTF-8" ?>
<testsuite failures="0" time="0.11" errors="0" skipped="0" tests="1" name="eu.ebdit.duckapter.duck.partial.ListTest">
  <properties>
    <property name="java.vendor" value="Sun Microsystems Inc."/>
    <property name="localRepository" value="d:\dev\maven\repo"/>
    <property name="sun.java.launcher" value="SUN_STANDARD"/>
    <property name="env.TVT" value="C:\Program Files\Lenovo"/>
    <property name="sun.management.compiler" value="HotSpot Client Compiler"/>
    <property name="env.PROMPT" value="$P$G"/>
    <property name="os.name" value="Windows XP"/>
    <property name="env.FP_NO_HOST_CHECK" value="NO"/>
    <property name="sun.boot.class.path" value="C:\Program Files\Java\jdk1.6.0_10\jre\lib\resources.jar;C:\Program Files\Java\jdk1.6.0_10\jre\lib\rt.jar;C:\Program Files\Java\jdk1.6.0_10\jre\lib\sunrsasign.jar;C:\Program Files\Java\jdk1.6.0_10\jre\lib\jsse.jar;C:\Program Files\Java\jdk1.6.0_10\jre\lib\jce.jar;C:\Program Files\Java\jdk1.6.0_10\jre\lib\charsets.jar;C:\Program Files\Java\jdk1.6.0_10\jre\classes"/>
    <property name="env.COMPUTERNAME" value="LADIN"/>
    <property name="env.ALLUSERSPROFILE" value="C:\Documents and Settings\All Users"/>
    <property name="sun.desktop" value="windows"/>
    <property name="java.vm.specification.vendor" value="Sun Microsystems Inc."/>
    <property name="java.runtime.version" value="1.6.0_10-b33"/>
    <property name="env.HOMEPATH" value="\Documents and Settings\Vladimˇr Oraně"/>
    <property name="env.TPCCommon" value="C:\PROGRA~1\THINKV~1\PrdCtr"/>
    <property name="user.name" value="Vladimír Oraný"/>
    <property name="env.SWSHARE" value="C:\SWSHARE"/>
    <property name="env.QTJAVA" value="C:\Program Files\Java\jre6\lib\ext\QTJava.zip"/>
    <property name="env.OPENSSL_CONF" value="d:\dev\OpenSSL\bin\openssl.cfg"/>
    <property name="user.language" value="cs"/>
    <property name="sun.boot.library.path" value="C:\Program Files\Java\jdk1.6.0_10\jre\bin"/>
    <property name="java.version" value="1.6.0_10"/>
    <property name="env.PROCESSOR_IDENTIFIER" value="x86 Family 6 Model 14 Stepping 8, GenuineIntel"/>
    <property name="user.timezone" value=""/>
    <property name="env.TEMP" value="C:\DOCUME~1\VLADIM~1\LOCALS~1\Temp"/>
    <property name="sun.arch.data.model" value="32"/>
    <property name="java.endorsed.dirs" value="C:\Program Files\Java\jdk1.6.0_10\jre\lib\endorsed"/>
    <property name="sun.cpu.isalist" value="pentium_pro+mmx pentium_pro pentium+mmx pentium i486 i386 i86"/>
    <property name="env.HOMEDRIVE" value="C:"/>
    <property name="sun.jnu.encoding" value="Cp1250"/>
    <property name="file.encoding.pkg" value="sun.io"/>
    <property name="env.TVTPYDIR" value="C:\Program Files\Common Files\Lenovo\Python24"/>
    <property name="file.separator" value="\"/>
    <property name="java.specification.name" value="Java Platform API Specification"/>
    <property name="java.class.version" value="50.0"/>
    <property name="user.country" value="CZ"/>
    <property name="java.home" value="C:\Program Files\Java\jdk1.6.0_10\jre"/>
    <property name="env.APPDATA" value="C:\Documents and Settings\Vladimˇr Oraně\Data aplikacˇ"/>
    <property name="java.vm.info" value="mixed mode, sharing"/>
    <property name="env.ComSpec" value="C:\WINDOWS\system32\cmd.exe"/>
    <property name="env.OS" value="Windows_NT"/>
    <property name="env.CommonProgramFiles" value="C:\Program Files\Common Files"/>
    <property name="os.version" value="5.1"/>
    <property name="path.separator" value=";"/>
    <property name="java.vm.version" value="11.0-b15"/>
    <property name="env.TVTCOMMON" value="C:\Program Files\Common Files\Lenovo"/>
    <property name="env.USERPROFILE" value="C:\Documents and Settings\Vladimˇr Oraně"/>
    <property name="user.variant" value=""/>
    <property name="env.JAVA_HOME" value="c:\Sun\SDK\jdk"/>
    <property name="java.awt.printerjob" value="sun.awt.windows.WPrinterJob"/>
    <property name="env.TERM" value="dumb"/>
    <property name="env.TMP" value="C:\DOCUME~1\VLADIM~1\LOCALS~1\Temp"/>
    <property name="sun.io.unicode.encoding" value="UnicodeLittle"/>
    <property name="awt.toolkit" value="sun.awt.windows.WToolkit"/>
    <property name="env.FTP_PASSIVE" value="1"/>
    <property name="user.home" value="C:\Documents and Settings\Vladimír Oraný"/>
    <property name="env.SESSIONNAME" value="Console"/>
    <property name="java.specification.vendor" value="Sun Microsystems Inc."/>
    <property name="env.CLASSPATH" value=".;C:\Program Files\Java\jre6\lib\ext\QTJava.zip"/>
    <property name="env.NUMBER_OF_PROCESSORS" value="2"/>
    <property name="java.library.path" value="C:\Program Files\Java\jdk1.6.0_10\bin;.;C:\WINDOWS\Sun\Java\bin;C:\WINDOWS\system32;C:\WINDOWS;C:\Program Files\PC Connectivity Solution\;C:\Program Files\ThinkPad\Utilities;C:\WINDOWS\system32;C:\WINDOWS;C:\WINDOWS\System32\Wbem;C:\Program Files\ThinkPad\ConnectUtilities;C:\Program Files\Intel\Wireless\Bin\;C:\Program Files\Common Files\Lenovo;C:\Program Files\Intel\Wireless\Bin\;C:\Program Files\Intel\Wireless\Bin\;C:\Program Files\ATI Technologies\ATI.ACE\Core-Static;C:\Program Files\ESTsoft\ALZip\;c:\Sun\SDK\jdk\bin;D:\dev\mysql5\bin;D:\Program Files\TortoiseSVN\bin;C:\Program Files\Lenovo\Client Security Solution;C:\Program Files\Samsung\Samsung PC Studio 3\;C:\Program Files\QuickTime\QTSystem\;C:\strawberry\c\bin;C:\strawberry\perl\bin;C:\Sun\SDK\bin;D:\Sun\SDK\bin;C:\Program Files\ESTsoft\ALZip\;C:\ant\bin;d:\dev\maven\bin;d:\Program Files\Mozilla Firefox"/>
    <property name="java.vendor.url" value="http://java.sun.com/"/>
    <property name="env.SMA" value="C:\Program Files\ThinkVantage\SMA\"/>
    <property name="java.vm.vendor" value="Sun Microsystems Inc."/>
    <property name="env.M2_REPO" value="d:\dev\maven\repo"/>
    <property name="java.runtime.name" value="Java(TM) SE Runtime Environment"/>
    <property name="java.class.path" value="/D:/eclipse/programs/eclipse-polarion-andy/plugins/org.maven.ide.components.maven_embedder_2.1.0.20080530-2300/jars/aspectjrt-1.5.3.jar;/D:/eclipse/programs/eclipse-polarion-andy/plugins/org.maven.ide.components.maven_embedder_2.1.0.20080530-2300/jars/commons-cli-1.0.jar;/D:/eclipse/programs/eclipse-polarion-andy/plugins/org.maven.ide.components.maven_embedder_2.1.0.20080530-2300/jars/doxia-sink-api-1.0-alpha-9.jar;/D:/eclipse/programs/eclipse-polarion-andy/plugins/org.maven.ide.components.maven_embedder_2.1.0.20080530-2300/jars/jsch-0.1.27.jar;/D:/eclipse/programs/eclipse-polarion-andy/plugins/org.maven.ide.components.maven_embedder_2.1.0.20080530-2300/jars/jtidy-4aug2000r7-dev.jar;/D:/eclipse/programs/eclipse-polarion-andy/plugins/org.maven.ide.components.maven_embedder_2.1.0.20080530-2300/jars/maven-artifact-3.0-SNAPSHOT.jar;/D:/eclipse/programs/eclipse-polarion-andy/plugins/org.maven.ide.components.maven_embedder_2.1.0.20080530-2300/jars/maven-core-2.1-SNAPSHOT.jar;/D:/eclipse/programs/eclipse-polarion-andy/plugins/org.maven.ide.components.maven_embedder_2.1.0.20080530-2300/jars/maven-embedder-2.1-SNAPSHOT.jar;/D:/eclipse/programs/eclipse-polarion-andy/plugins/org.maven.ide.components.maven_embedder_2.1.0.20080530-2300/jars/maven-lifecycle-2.1-SNAPSHOT.jar;/D:/eclipse/programs/eclipse-polarion-andy/plugins/org.maven.ide.components.maven_embedder_2.1.0.20080530-2300/jars/maven-model-2.1-SNAPSHOT.jar;/D:/eclipse/programs/eclipse-polarion-andy/plugins/org.maven.ide.components.maven_embedder_2.1.0.20080530-2300/jars/maven-plugin-api-2.1-SNAPSHOT.jar;/D:/eclipse/programs/eclipse-polarion-andy/plugins/org.maven.ide.components.maven_embedder_2.1.0.20080530-2300/jars/maven-profile-2.1-SNAPSHOT.jar;/D:/eclipse/programs/eclipse-polarion-andy/plugins/org.maven.ide.components.maven_embedder_2.1.0.20080530-2300/jars/maven-project-2.1-SNAPSHOT.jar;/D:/eclipse/programs/eclipse-polarion-andy/plugins/org.maven.ide.components.maven_embedder_2.1.0.20080530-2300/jars/maven-reporting-api-2.1-SNAPSHOT.jar;/D:/eclipse/programs/eclipse-polarion-andy/plugins/org.maven.ide.components.maven_embedder_2.1.0.20080530-2300/jars/maven-toolchain-2.1-SNAPSHOT.jar;/D:/eclipse/programs/eclipse-polarion-andy/plugins/org.maven.ide.components.maven_embedder_2.1.0.20080530-2300/jars/maven-workspace-2.1-SNAPSHOT.jar;/D:/eclipse/programs/eclipse-polarion-andy/plugins/org.maven.ide.components.maven_embedder_2.1.0.20080530-2300/jars/plexus-classworlds-1.2-alpha-12.jar;/D:/eclipse/programs/eclipse-polarion-andy/plugins/org.maven.ide.components.maven_embedder_2.1.0.20080530-2300/jars/plexus-container-default-1.0-alpha-44.jar;/D:/eclipse/programs/eclipse-polarion-andy/plugins/org.maven.ide.components.maven_embedder_2.1.0.20080530-2300/jars/plexus-interactivity-api-1.0-alpha-6.jar;/D:/eclipse/programs/eclipse-polarion-andy/plugins/org.maven.ide.components.maven_embedder_2.1.0.20080530-2300/jars/plexus-interpolation-1.0-SNAPSHOT.jar;/D:/eclipse/programs/eclipse-polarion-andy/plugins/org.maven.ide.components.maven_embedder_2.1.0.20080530-2300/jars/plexus-utils-1.5.1.jar;/D:/eclipse/programs/eclipse-polarion-andy/plugins/org.maven.ide.components.maven_embedder_2.1.0.20080530-2300/jars/wagon-file-1.0-beta-2.jar;/D:/eclipse/programs/eclipse-polarion-andy/plugins/org.maven.ide.components.maven_embedder_2.1.0.20080530-2300/jars/wagon-http-lightweight-1.0-beta-2.jar;/D:/eclipse/programs/eclipse-polarion-andy/plugins/org.maven.ide.components.maven_embedder_2.1.0.20080530-2300/jars/wagon-http-shared-1.0-beta-2.jar;/D:/eclipse/programs/eclipse-polarion-andy/plugins/org.maven.ide.components.maven_embedder_2.1.0.20080530-2300/jars/wagon-provider-api-1.0-beta-2.jar;/D:/eclipse/programs/eclipse-polarion-andy/plugins/org.maven.ide.components.maven_embedder_2.1.0.20080530-2300/jars/wagon-ssh-1.0-beta-2.jar;/D:/eclipse/programs/eclipse-polarion-andy/plugins/org.maven.ide.components.maven_embedder_2.1.0.20080530-2300/jars/wagon-ssh-common-1.0-beta-2.jar;/D:/eclipse/programs/eclipse-polarion-andy/plugins/org.maven.ide.components.maven_embedder_2.1.0.20080530-2300/jars/wagon-ssh-external-1.0-beta-2.jar"/>
    <property name="java.vm.specification.name" value="Java Virtual Machine Specification"/>
    <property name="env.LOGONSERVER" value="\\LADIN"/>
    <property name="env.windir" value="C:\WINDOWS"/>
    <property name="java.vm.specification.version" value="1.0"/>
    <property name="env.PROCESSOR_ARCHITECTURE" value="x86"/>
    <property name="sun.os.patch.level" value="Service Pack 3"/>
    <property name="sun.cpu.endian" value="little"/>
    <property name="env.ProgramFiles" value="C:\Program Files"/>
    <property name="env.ANT_HOME" value="C:\ant"/>
    <property name="surefire.test.class.path" value="D:\eclipse\workspaces\jbehave\duckapter\target\test-classes;D:\eclipse\workspaces\jbehave\duckapter\target\classes;d:\dev\maven\repo\junit\junit\4.5\junit-4.5.jar;"/>
    <property name="java.io.tmpdir" value="C:\DOCUME~1\VLADIM~1\LOCALS~1\Temp\"/>
    <property name="env.PROCESSOR_REVISION" value="0e08"/>
    <property name="java.vendor.url.bug" value="http://java.sun.com/cgi-bin/bugreport.cgi"/>
    <property name="env.SystemRoot" value="C:\WINDOWS"/>
    <property name="java.awt.graphicsenv" value="sun.awt.Win32GraphicsEnvironment"/>
    <property name="os.arch" value="x86"/>
    <property name="java.ext.dirs" value="C:\Program Files\Java\jdk1.6.0_10\jre\lib\ext;C:\WINDOWS\Sun\Java\lib\ext"/>
    <property name="user.dir" value="D:\eclipse\workspaces\jbehave\duckapter"/>
    <property name="line.separator" value="
"/>
    <property name="java.vm.name" value="Java HotSpot(TM) Client VM"/>
    <property name="env.PATHEXT" value=".COM;.EXE;.BAT;.CMD;.VBS;.VBE;.JS;.JSE;.WSF;.WSH"/>
    <property name="env.Path" value="C:\Program Files\PC Connectivity Solution\;C:\Program Files\ThinkPad\Utilities;C:\WINDOWS\system32;C:\WINDOWS;C:\WINDOWS\System32\Wbem;C:\Program Files\ThinkPad\ConnectUtilities;C:\Program Files\Intel\Wireless\Bin\;C:\Program Files\Common Files\Lenovo;C:\Program Files\Intel\Wireless\Bin\;C:\Program Files\Intel\Wireless\Bin\;C:\Program Files\ATI Technologies\ATI.ACE\Core-Static;C:\Program Files\ESTsoft\ALZip\;c:\Sun\SDK\jdk\bin;D:\dev\mysql5\bin;D:\Program Files\TortoiseSVN\bin;C:\Program Files\Lenovo\Client Security Solution;C:\Program Files\Samsung\Samsung PC Studio 3\;C:\Program Files\QuickTime\QTSystem\;C:\strawberry\c\bin;C:\strawberry\perl\bin;C:\Sun\SDK\bin;D:\Sun\SDK\bin;C:\Program Files\ESTsoft\ALZip\;C:\ant\bin;d:\dev\maven\bin;d:\Program Files\Mozilla Firefox"/>
    <property name="basedir" value="D:\eclipse\workspaces\jbehave\duckapter"/>
    <property name="maven.mode.standalone" value="true"/>
    <property name="env.USERNAME" value="Vladimˇr Oraně"/>
    <property name="env.SystemDrive" value="C:"/>
    <property name="file.encoding" value="Cp1250"/>
    <property name="env.RR" value="C:\Program Files\Lenovo\Rescue and Recovery"/>
    <property name="env.USERDOMAIN" value="LADIN"/>
    <property name="java.specification.version" value="1.6"/>
    <property name="env.SonicCentral" value="C:\Program Files\Common Files\Sonic Shared\Sonic Central\"/>
    <property name="env.PROCESSOR_LEVEL" value="6"/>
  </properties>
  <testcase time="0.063" classname="eu.ebdit.duckapter.duck.partial.ListTest" name="listTest"/>
</testsuite>